[    0.000000] Linux version 4.15.0-212-generic (buildd@lcy02-amd64-083) (gcc version 7.5.0 (Ubuntu 7.5.0-3ubuntu1~18.04)) #223-Ubuntu SMP Tue May 23 13:09:22 UTC 2023 (Ubuntu 4.15.0-212.223-generic 4.15.18)
[    0.000000] Command line: BOOT_IMAGE=/boot/vmlinuz-4.15.0-212-generic root=LABEL=cloudimg-rootfs ro console=tty1 console=ttyS0
[    0.000000] KERNEL supported cpus:
[    0.000000]   Intel GenuineIntel
[    0.000000]   AMD AuthenticAMD
[    0.000000]   Centaur CentaurHauls
[    0.000000] x86/fpu: x87 FPU will use FXSAVE
[    0.000000] e820: BIOS-provided physical RAM map:
[    0.000000] BIOS-e820: [mem 0x0000000000000000-0x000000000009fbff] usable
[    0.000000] BIOS-e820: [mem 0x000000000009fc00-0x000000000009ffff] reserved
[    0.000000] BIOS-e820: [mem 0x00000000000f0000-0x00000000000fffff] reserved
[    0.000000] BIOS-e820: [mem 0x0000000000100000-0x00000000dffeffff] usable
[    0.000000] BIOS-e820: [mem 0x00000000dfff0000-0x00000000dfffffff] ACPI data
[    0.000000] BIOS-e820: [mem 0x00000000fec00000-0x00000000fec00fff] reserved
[    0.000000] BIOS-e820: [mem 0x00000000fee00000-0x00000000fee00fff] reserved
[    0.000000] BIOS-e820: [mem 0x00000000fffc0000-0x00000000ffffffff] reserved
[    0.000000] BIOS-e820: [mem 0x0000000100000000-0x000000011fffffff] usable
[    0.000000] NX (Execute Disable) protection: active
[    0.000000] SMBIOS 2.5 present.
[    0.000000] DMI: innotek GmbH VirtualBox/VirtualBox, BIOS VirtualBox 12/01/2006
[    0.000000] Hypervisor detected: KVM
[    0.000000] e820: last_pfn = 0x120000 max_arch_pfn = 0x400000000
[    0.000000] MTRR: Disabled
[    0.000000] x86/PAT: MTRRs disabled, skipping PAT initialization too.
[    0.000000] CPU MTRRs all blank - virtualized system.
[    0.000000] x86/PAT: Configuration [0-7]: WB  WT  UC- UC  WB  WT  UC- UC  
[    0.000000] e820: last_pfn = 0xdfff0 max_arch_pfn = 0x400000000
[    0.000000] found SMP MP-table at [mem 0x0009fff0-0x0009ffff]
[    0.000000] Scanning 1 areas for low memory corruption
[    0.000000] RAMDISK: [mem 0x359cb000-0x36cdcfff]
[    0.000000] ACPI: Early table checksum verification disabled
[    0.000000] ACPI: RSDP 0x00000000000E0000 000024 (v02 VBOX  )
[    0.000000] ACPI: XSDT 0x00000000DFFF0030 00003C (v01 VBOX   VBOXXSDT 00000001 ASL  00000061)
[    0.000000] ACPI: FACP 0x00000000DFFF00F0 0000F4 (v04 VBOX   VBOXFACP 00000001 ASL  00000061)
[    0.000000] ACPI: DSDT 0x00000000DFFF0620 002353 (v02 VBOX   VBOXBIOS 00000002 INTL 20100528)
[    0.000000] ACPI: FACS 0x00000000DFFF0200 000040
[    0.000000] ACPI: FACS 0x00000000DFFF0200 000040
[    0.000000] ACPI: APIC 0x00000000DFFF0240 00006C (v02 VBOX   VBOXAPIC 00000001 ASL  00000061)
[    0.000000] ACPI: SSDT 0x00000000DFFF02B0 00036C (v01 VBOX   VBOXCPUT 00000002 INTL 20100528)
[    0.000000] ACPI: Reserving FACP table memory at [mem 0xdfff00f0-0xdfff01e3]
[    0.000000] ACPI: Reserving DSDT table memory at [mem 0xdfff0620-0xdfff2972]
[    0.000000] ACPI: Reserving FACS table memory at [mem 0xdfff0200-0xdfff023f]
[    0.000000] ACPI: Reserving FACS table memory at [mem 0xdfff0200-0xdfff023f]
[    0.000000] ACPI: Reserving APIC table memory at [mem 0xdfff0240-0xdfff02ab]
[    0.000000] ACPI: Reserving SSDT table memory at [mem 0xdfff02b0-0xdfff061b]
[    0.000000] No NUMA configuration found
[    0.000000] Faking a node at [mem 0x0000000000000000-0x000000011fffffff]
[    0.000000] NODE_DATA(0) allocated [mem 0x11ffd1000-0x11fffbfff]
[    0.000000] kvm-clock: cpu 0, msr 1:1ff50001, primary cpu clock
[    0.000000] kvm-clock: Using msrs 4b564d01 and 4b564d00
[    0.000000] kvm-clock: using sched offset of 4409542481 cycles
[    0.000000] clocksource: kvm-clock: mask: 0xffffffffffffffff max_cycles: 0x1cd42e4dffb, max_idle_ns: 881590591483 ns
[    0.000000] Zone ranges:
[    0.000000]   DMA      [mem 0x0000000000001000-0x0000000000ffffff]
[    0.000000]   DMA32    [mem 0x0000000001000000-0x00000000ffffffff]
[    0.000000]   Normal   [mem 0x0000000100000000-0x000000011fffffff]
[    0.000000]   Device   empty
[    0.000000] Movable zone start for each node
[    0.000000] Early memory node ranges
[    0.000000]   node   0: [mem 0x0000000000001000-0x000000000009efff]
[    0.000000]   node   0: [mem 0x0000000000100000-0x00000000dffeffff]
[    0.000000]   node   0: [mem 0x0000000100000000-0x000000011fffffff]
[    0.000000] Reserved but unavailable: 104 pages
[    0.000000] Initmem setup node 0 [mem 0x0000000000001000-0x000000011fffffff]
[    0.000000] ACPI: PM-Timer IO Port: 0x4008
[    0.000000] IOAPIC[0]: apic_id 4, version 32, address 0xfec00000, GSI 0-23
[    0.000000] ACPI: INT_SRC_OVR (bus 0 bus_irq 0 global_irq 2 dfl dfl)
[    0.000000] ACPI: INT_SRC_OVR (bus 0 bus_irq 9 global_irq 9 low level)
[    0.000000] Using ACPI (MADT) for SMP configuration information
[    0.000000] smpboot: Allowing 4 CPUs, 0 hotplug CPUs
[    0.000000] PM: Registered nosave memory: [mem 0x00000000-0x00000fff]
[    0.000000] PM: Registered nosave memory: [mem 0x0009f000-0x0009ffff]
[    0.000000] PM: Registered nosave memory: [mem 0x000a0000-0x000effff]
[    0.000000] PM: Registered nosave memory: [mem 0x000f0000-0x000fffff]
[    0.000000] PM: Registered nosave memory: [mem 0xdfff0000-0xdfffffff]
[    0.000000] PM: Registered nosave memory: [mem 0xe0000000-0xfebfffff]
[    0.000000] PM: Registered nosave memory: [mem 0xfec00000-0xfec00fff]
[    0.000000] PM: Registered nosave memory: [mem 0xfec01000-0xfedfffff]
[    0.000000] PM: Registered nosave memory: [mem 0xfee00000-0xfee00fff]
[    0.000000] PM: Registered nosave memory: [mem 0xfee01000-0xfffbffff]
[    0.000000] PM: Registered nosave memory: [mem 0xfffc0000-0xffffffff]
[    0.000000] e820: [mem 0xe0000000-0xfebfffff] available for PCI devices
[    0.000000] Booting paravirtualized kernel on KVM
[    0.000000] clocksource: refined-jiffies: mask: 0xffffffff max_cycles: 0xffffffff, max_idle_ns: 7645519600211568 ns
[    0.000000] setup_percpu: NR_CPUS:8192 nr_cpumask_bits:4 nr_cpu_ids:4 nr_node_ids:1
[    0.000000] percpu: Embedded 50 pages/cpu s167936 r8192 d28672 u524288
[    0.000000] PV qspinlock hash table entries: 256 (order: 0, 4096 bytes)
[    0.000000] Built 1 zonelists, mobility grouping on.  Total pages: 1032057
[    0.000000] Policy zone: Normal
[    0.000000] Kernel command line: BOOT_IMAGE=/boot/vmlinuz-4.15.0-212-generic root=LABEL=cloudimg-rootfs ro console=tty1 console=ttyS0
[    0.000000] Memory: 4012852K/4193848K available (12300K kernel code, 2477K rwdata, 4324K rodata, 2480K init, 2720K bss, 180996K reserved, 0K cma-reserved)
[    0.000000] SLUB: HWalign=64, Order=0-3, MinObjects=0, CPUs=4, Nodes=1
[    0.000000] ftrace: allocating 39508 entries in 155 pages
[    0.004000] Hierarchical RCU implementation.
[    0.004000] 	RCU restricting CPUs from NR_CPUS=8192 to nr_cpu_ids=4.
[    0.004000] 	Tasks RCU enabled.
[    0.004000] RCU: Adjusting geometry for rcu_fanout_leaf=16, nr_cpu_ids=4
[    0.004000] NR_IRQS: 524544, nr_irqs: 456, preallocated irqs: 16
[    0.004000] random: crng init done
[    0.004000] Console: colour VGA+ 80x25
[    0.004000] console [tty1] enabled
[    0.004000] console [ttyS0] enabled
[    0.004000] ACPI: Core revision 20170831
[    0.004000] ACPI: 2 ACPI AML tables successfully acquired and loaded
[    0.004000] APIC: Switch to symmetric I/O mode setup
[    0.004000] ..TIMER: vector=0x30 apic1=0 pin1=2 apic2=-1 pin2=-1
[    0.004000] tsc: Detected 1497.598 MHz processor
[    0.004000] Calibrating delay loop (skipped) preset value.. 2995.19 BogoMIPS (lpj=5990392)
[    0.004012] pid_max: default: 32768 minimum: 301
[    0.008108] Security Framework initialized
[    0.012013] Yama: becoming mindful.
[    0.016191] AppArmor: AppArmor initialized
[    0.040052] Dentry cache hash table entries: 524288 (order: 10, 4194304 bytes)
[    0.055417] Inode-cache hash table entries: 262144 (order: 9, 2097152 bytes)
[    0.060321] Mount-cache hash table entries: 8192 (order: 4, 65536 bytes)
[    0.064245] Mountpoint-cache hash table entries: 8192 (order: 4, 65536 bytes)
[    0.073319] Last level iTLB entries: 4KB 0, 2MB 0, 4MB 0
[    0.076009] Last level dTLB entries: 4KB 0, 2MB 0, 4MB 0, 1GB 0
[    0.080015] Spectre V1 : Mitigation: usercopy/swapgs barriers and __user pointer sanitization
[    0.084009] Spectre V2 : Mitigation: Enhanced IBRS
[    0.088008] Spectre V2 : Spectre v2 / SpectreRSB mitigation: Filling RSB on context switch
[    0.092008] Spectre V2 : Spectre v2 / PBRSB-eIBRS: Retire a single CALL on VMEXIT
[    0.096009] RETBleed: Mitigation: Enhanced IBRS
[    0.100010] Speculative Store Bypass: Vulnerable
[    0.104224] Freeing SMP alternatives memory: 36K
[    0.233054] APIC calibration not consistent with PM-Timer: 105ms instead of 100ms
[    0.236000] APIC delta adjusted to PM-Timer: 6433055 (6814200)
[    0.236322] smpboot: CPU0: 11th Gen Intel(R) Core(TM) i5-1145G7 @ 2.60GHz (family: 0x6, model: 0x8c, stepping: 0x1)
[    0.240491] Performance Events: unsupported p6 CPU model 140 no PMU driver, software events only.
[    0.244187] Hierarchical SRCU implementation.
[    0.248945] NMI watchdog: Perf event create on CPU 0 failed with -2
[    0.252005] NMI watchdog: Perf NMI watchdog permanently disabled
[    0.256536] smp: Bringing up secondary CPUs ...
[    0.260889] x86: Booting SMP configuration:
[    0.264063] .... node  #0, CPUs:      #1
[    0.004000] kvm-clock: cpu 1, msr 1:1ff50041, secondary cpu clock
[    0.284000] TSC synchronization [CPU#0 -> CPU#1]:
[    0.284000] Measured 26634 cycles TSC warp between CPUs, turning off TSC clock.
[    0.284000] tsc: Marking TSC unstable due to check_tsc_sync_source failed
[    0.284668]  #2
[    0.004000] kvm-clock: cpu 2, msr 1:1ff50081, secondary cpu clock
[    0.297646]  #3
[    0.004000] kvm-clock: cpu 3, msr 1:1ff500c1, secondary cpu clock
[    0.312179] smp: Brought up 1 node, 4 CPUs
[    0.316008] smpboot: Max logical packages: 1
[    0.320004] smpboot: Total of 4 processors activated (11980.78 BogoMIPS)
[    0.324628] devtmpfs: initialized
[    0.328118] x86/mm: Memory block size: 128MB
[    0.332220] evm: security.selinux
[    0.334812] evm: security.SMACK64
[    0.336004] evm: security.SMACK64EXEC
[    0.340002] evm: security.SMACK64TRANSMUTE
[    0.344002] evm: security.SMACK64MMAP
[    0.348000] evm: security.apparmor
[    0.348005] evm: security.ima
[    0.351537] evm: security.capability
[    0.352448] clocksource: jiffies: mask: 0xffffffff max_cycles: 0xffffffff, max_idle_ns: 7645041785100000 ns
[    0.356021] futex hash table entries: 1024 (order: 4, 65536 bytes)
[    0.360385] pinctrl core: initialized pinctrl subsystem
[    0.364618] RTC time: 19:55:15, date: 06/13/23
[    0.372393] NET: Registered protocol family 16
[    0.376000] audit: initializing netlink subsys (disabled)
[    0.376862] audit: type=2000 audit(1686686122.054:1): state=initialized audit_enabled=0 res=1
[    0.388017] cpuidle: using governor ladder
[    0.392018] cpuidle: using governor menu
[    0.396099] ACPI: bus type PCI registered
[    0.400008] acpiphp: ACPI Hot Plug PCI Controller Driver version: 0.5
[    0.404587] PCI: Using configuration type 1 for base access
[    0.416104] HugeTLB registered 2.00 MiB page size, pre-allocated 0 pages
[    0.424659] ACPI: Added _OSI(Module Device)
[    0.432095] ACPI: Added _OSI(Processor Device)
[    0.440009] ACPI: Added _OSI(3.0 _SCP Extensions)
[    0.452004] ACPI: Added _OSI(Processor Aggregator Device)
[    0.460005] ACPI: Added _OSI(Linux-Dell-Video)
[    0.468010] ACPI: Added _OSI(Linux-Lenovo-NV-HDMI-Audio)
[    0.480011] ACPI: Added _OSI(Linux-HPI-Hybrid-Graphics)
[    0.492240] ACPI: Executed 1 blocks of module-level executable AML code
[    0.510883] ACPI: Interpreter enabled
[    0.520029] ACPI: (supports S0 S5)
[    0.528009] ACPI: Using IOAPIC for interrupt routing
[    0.536462] PCI: Using host bridge windows from ACPI; if necessary, use "pci=nocrs" and report a bug
[    0.560423] ACPI: Enabled 2 GPEs in block 00 to 07
[    0.588309] ACPI: PCI Root Bridge [PCI0] (domain 0000 [bus 00-ff])
[    0.600019] acpi PNP0A03:00: _OSC: OS supports [ASPM ClockPM Segments MSI]
[    0.616698] acpi PNP0A03:00: _OSC: not requesting OS control; OS requires [ExtendedConfig ASPM ClockPM MSI]
[    0.628082] acpi PNP0A03:00: fail to add MMCONFIG information, can't access extended PCI configuration space under this bridge.
[    0.648764] PCI host bridge to bus 0000:00
[    0.656014] pci_bus 0000:00: root bus resource [io  0x0000-0x0cf7 window]
[    0.668012] pci_bus 0000:00: root bus resource [io  0x0d00-0xffff window]
[    0.680019] pci_bus 0000:00: root bus resource [mem 0x000a0000-0x000bffff window]
[    0.692009] pci_bus 0000:00: root bus resource [mem 0xe0000000-0xfdffffff window]
[    0.704015] pci_bus 0000:00: root bus resource [bus 00-ff]
[    0.720070] pci 0000:00:01.1: legacy IDE quirk: reg 0x10: [io  0x01f0-0x01f7]
[    0.732006] pci 0000:00:01.1: legacy IDE quirk: reg 0x14: [io  0x03f6]
[    0.740010] pci 0000:00:01.1: legacy IDE quirk: reg 0x18: [io  0x0170-0x0177]
[    0.752011] pci 0000:00:01.1: legacy IDE quirk: reg 0x1c: [io  0x0376]
[    0.778972] pci 0000:00:07.0: quirk: [io  0x4000-0x403f] claimed by PIIX4 ACPI
[    0.792045] pci 0000:00:07.0: quirk: [io  0x4100-0x410f] claimed by PIIX4 SMB
[    0.814025] ACPI: PCI Interrupt Link [LNKA] (IRQs 5 9 10 *11)
[    0.824578] ACPI: PCI Interrupt Link [LNKB] (IRQs 5 9 *10 11)
[    0.832203] ACPI: PCI Interrupt Link [LNKC] (IRQs 5 *9 10 11)
[    0.836294] ACPI: PCI Interrupt Link [LNKD] (IRQs 5 9 10 *11)
[    0.840718] SCSI subsystem initialized
[    0.848311] pci 0000:00:02.0: vgaarb: setting as boot VGA device
[    0.852000] pci 0000:00:02.0: vgaarb: VGA device added: decodes=io+mem,owns=io+mem,locks=none
[    0.876012] pci 0000:00:02.0: vgaarb: bridge control possible
[    0.888005] vgaarb: loaded
[    0.888036] ACPI: bus type USB registered
[    0.896071] usbcore: registered new interface driver usbfs
[    0.904030] usbcore: registered new interface driver hub
[    0.916028] usbcore: registered new device driver usb
[    0.924237] EDAC MC: Ver: 3.0.0
[    0.932246] PCI: Using ACPI for IRQ routing
[    0.937138] NetLabel: Initializing
[    0.944005] NetLabel:  domain hash size = 128
[    0.952004] NetLabel:  protocols = UNLABELED CIPSOv4 CALIPSO
[    0.956070] NetLabel:  unlabeled traffic allowed by default
[    0.964468] clocksource: Switched to clocksource kvm-clock
[    1.005351] VFS: Disk quotas dquot_6.6.0
[    1.010651] VFS: Dquot-cache hash table entries: 512 (order 0, 4096 bytes)
[    1.020474] AppArmor: AppArmor Filesystem Enabled
[    1.027897] pnp: PnP ACPI init
[    1.034209] pnp: PnP ACPI: found 3 devices
[    1.089980] clocksource: acpi_pm: mask: 0xffffff max_cycles: 0xffffff, max_idle_ns: 2085701024 ns
[    1.099051] NET: Registered protocol family 2
[    1.107265] IP idents hash table entries: 65536 (order: 7, 524288 bytes)
[    1.115434] TCP established hash table entries: 32768 (order: 6, 262144 bytes)
[    1.123387] TCP bind hash table entries: 32768 (order: 7, 524288 bytes)
[    1.131991] TCP: Hash tables configured (established 32768 bind 32768)
[    1.139225] UDP hash table entries: 2048 (order: 4, 65536 bytes)
[    1.145498] UDP-Lite hash table entries: 2048 (order: 4, 65536 bytes)
[    1.152064] NET: Registered protocol family 1
[    1.155893] pci 0000:00:00.0: Limiting direct PCI/PCI transfers
[    1.162187] pci 0000:00:01.0: Activating ISA DMA hang workarounds
[    1.167651] pci 0000:00:02.0: Video device with shadowed ROM at [mem 0x000c0000-0x000dffff]
[    1.177559] Unpacking initramfs...
[    1.464005] Freeing initrd memory: 19528K
[    1.659792] PCI-DMA: Using software bounce buffering for IO (SWIOTLB)
[    1.669549] software IO TLB: mapped [mem 0xdbff0000-0xdfff0000] (64MB)
[    1.681747] clocksource: tsc: mask: 0xffffffffffffffff max_cycles: 0x159645923e7, max_idle_ns: 440795241955 ns
[    1.694937] platform rtc_cmos: registered platform RTC device (no PNP device found)
[    1.707796] Scanning for low memory corruption every 60 seconds
[    1.719979] Initialise system trusted keyrings
[    1.725998] Key type blacklist registered
[    1.732709] workingset: timestamp_bits=36 max_order=20 bucket_order=0
[    1.745177] zbud: loaded
[    1.753299] squashfs: version 4.0 (2009/01/31) Phillip Lougher
[    1.762706] fuse init (API version 7.26)
[    1.799597] Key type asymmetric registered
[    1.805808] Asymmetric key parser 'x509' registered
[    1.810390] Block layer SCSI generic (bsg) driver version 0.4 loaded (major 246)
[    1.820351] io scheduler noop registered
[    1.826989] io scheduler deadline registered
[    1.831642] io scheduler cfq registered (default)
[    1.838358] ACPI: AC Adapter [AC] (on-line)
[    1.845754] input: Power Button as /devices/LNXSYSTM:00/LNXPWRBN:00/input/input0
[    1.854428] ACPI: Power Button [PWRF]
[    1.860208] input: Sleep Button as /devices/LNXSYSTM:00/LNXSLPBN:00/input/input1
[    1.872604] ACPI: Sleep Button [SLPF]
[    1.881002] Serial: 8250/16550 driver, 32 ports, IRQ sharing enabled
[    1.881619] ACPI: Battery Slot [BAT0] (battery present)
[    1.925165] 00:02: ttyS0 at I/O 0x3f8 (irq = 4, base_baud = 115200) is a 16550A
[    1.951120] Linux agpgart interface v0.103
[    1.966988] loop: module loaded
[    1.976163] scsi host0: ata_piix
[    1.983747] scsi host1: ata_piix
[    1.990747] ata1: PATA max UDMA/33 cmd 0x1f0 ctl 0x3f6 bmdma 0xd000 irq 14
[    2.000573] ata2: PATA max UDMA/33 cmd 0x170 ctl 0x376 bmdma 0xd008 irq 15
[    2.010924] tun: Universal TUN/TAP device driver, 1.6
[    2.020331] PPP generic driver version 2.4.2
[    2.029290] ehci_hcd: USB 2.0 'Enhanced' Host Controller (EHCI) Driver
[    2.038018] ehci-pci: EHCI PCI platform driver
[    2.042480] ehci-platform: EHCI generic platform driver
[    2.050008] ohci_hcd: USB 1.1 'Open' Host Controller (OHCI) Driver
[    2.060807] ohci-pci: OHCI PCI platform driver
[    2.068162] ohci-platform: OHCI generic platform driver
[    2.076893] uhci_hcd: USB Universal Host Controller Interface driver
[    2.087151] i8042: PNP: PS/2 Controller [PNP0303:PS2K,PNP0f03:PS2M] at 0x60,0x64 irq 1,12
[    2.104862] serio: i8042 KBD port at 0x60,0x64 irq 1
[    2.113623] serio: i8042 AUX port at 0x60,0x64 irq 12
[    2.123127] mousedev: PS/2 mouse device common for all mice
[    2.138235] rtc_cmos rtc_cmos: rtc core: registered rtc_cmos as rtc0
[    2.145635] input: AT Translated Set 2 keyboard as /devices/platform/i8042/serio0/input/input2
[    2.146003] rtc_cmos rtc_cmos: alarms up to one day, 114 bytes nvram
[    2.165841] i2c /dev entries driver
[    2.169785] device-mapper: uevent: version 1.0.3
[    2.176551] device-mapper: ioctl: 4.37.0-ioctl (2017-09-20) initialised: dm-devel@redhat.com
[    2.233068] ledtrig-cpu: registered to indicate activity on CPUs
[    2.244428] NET: Registered protocol family 10
[    2.264634] Segment Routing with IPv6
[    2.267820] NET: Registered protocol family 17
[    2.271973] Key type dns_resolver registered
[    2.281150] mce: Using 0 MCE banks
[    2.284605] RAS: Correctable Errors collector initialized.
[    2.291947] sched_clock: Marking stable (2291718516, 0)->(3486916398, -1195197882)
[    2.309103] registered taskstats version 1
[    2.315852] Loading compiled-in X.509 certificates
[    2.329351] Loaded X.509 cert 'Build time autogenerated kernel key: b5b26778eaa3ab3a4a6cee031137706e947d12ad'
[    2.348739] Loaded X.509 cert 'Canonical Ltd. Live Patch Signing: 14df34d1a87cf37625abec039ef2bf521249b969'
[    2.360825] Loaded X.509 cert 'Canonical Ltd. Kernel Module Signing: 88f752e560a1e0737e31163a466ad7b70a850c19'
[    2.369904] blacklist: Loading compiled-in revocation X.509 certificates
[    2.383111] Loaded X.509 cert 'Canonical Ltd. Secure Boot Signing: 61482aa2830d0ab2ad5af10b7250da9033ddcef0'
[    2.394203] Loaded X.509 cert 'Canonical Ltd. Secure Boot Signing (2017): 242ade75ac4a15e50d50c84b0d45ff3eae707a03'
[    2.404125] Loaded X.509 cert 'Canonical Ltd. Secure Boot Signing (ESM 2018): 365188c1d374d6b07c3c8f240f8ef722433d6a8b'
[    2.417256] Loaded X.509 cert 'Canonical Ltd. Secure Boot Signing (2019): c0746fd6c5da3ae827864651ad66ae47fe24b3e8'
[    2.429563] Loaded X.509 cert 'Canonical Ltd. Secure Boot Signing (2021 v1): a8d54bbb3825cfb94fa13c9f8a594a195c107b8d'
[    2.443070] Loaded X.509 cert 'Canonical Ltd. Secure Boot Signing (2021 v2): 4cf046892d6fd3c9a5b03f98d845f90851dc6a8c'
[    2.454274] Loaded X.509 cert 'Canonical Ltd. Secure Boot Signing (2021 v3): 100437bb6de6e469b581e61cd66bce3ef4ed53af'
[    2.465315] Loaded X.509 cert 'Canonical Ltd. Secure Boot Signing (Ubuntu Core 2019): c1d57b8f6b743f23ee41f4f7ee292f06eecadfb9'
[    2.475234] zswap: loaded using pool lzo/zbud
[    2.494329] Key type big_key registered
[    2.499221] Key type trusted registered
[    2.510892] Key type encrypted registered
[    2.517751] AppArmor: AppArmor sha1 policy hashing enabled
[    2.525203] ima: No TPM chip found, activating TPM-bypass! (rc=-19)
[    2.533690] ima: Allocated hash algorithm: sha1
[    2.539656] evm: HMAC attrs: 0x1
[    2.545815]   Magic number: 11:882:950
[    2.553414] tty tty7: hash matches
[    2.559059] memory memory3: hash matches
[    2.563713] rtc_cmos rtc_cmos: setting system clock to 2023-06-13 19:55:18 UTC (1686686118)
[    2.571418] BIOS EDD facility v0.16 2004-Jun-25, 0 devices found
[    2.577574] EDD information not available.
[    2.589368] Freeing unused kernel image memory: 2480K
[    2.624628] Write protecting the kernel read-only data: 20480k
[    2.631796] Freeing unused kernel image memory: 2008K
[    2.637215] Freeing unused kernel image memory: 1820K
[    2.648514] x86/mm: Checked W+X mappings: passed, no W+X pages found.
Loading, please wait...
starting version 237
[    2.756673] e1000: Intel(R) PRO/1000 Network Driver - version 7.3.21-k8-NAPI
[    2.765311] e1000: Copyright (c) 1999-2006 Intel Corporation.
[    2.779373] Fusion MPT base driver 3.04.20
[    2.784248] Copyright (c) 1999-2008 LSI Corporation
[    2.830555] SSE version of gcm_enc/dec engaged.
[    2.845794] Fusion MPT SPI Host driver 3.04.20
[    3.077474] input: ImExPS/2 Generic Explorer Mouse as /devices/platform/i8042/serio1/input/input4
[    3.504988] e1000 0000:00:03.0 eth0: (PCI:33MHz:32-bit) 02:3b:7b:b7:3b:2d
[    3.514712] e1000 0000:00:03.0 eth0: Intel(R) PRO/1000 Network Connection
[    4.211731] e1000 0000:00:08.0 eth1: (PCI:33MHz:32-bit) 08:00:27:fc:a6:ac
[    4.219559] e1000 0000:00:08.0 eth1: Intel(R) PRO/1000 Network Connection
[    4.238540] e1000 0000:00:03.0 enp0s3: renamed from eth0
[    4.248676] mptbase: ioc0: Initiating bringup
[    4.290007] e1000 0000:00:08.0 enp0s8: renamed from eth1
[    4.378495] ioc0: LSI53C1030 A0: Capabilities={Initiator}
[    4.704057] scsi host2: ioc0: LSI53C1030 A0, FwRev=00000000h, Ports=1, MaxQ=256, IRQ=20
[    5.141056] scsi 2:0:0:0: Direct-Access     VBOX     HARDDISK         1.0  PQ: 0 ANSI: 5
[    5.404466] scsi target2:0:0: Beginning Domain Validation
[    5.421899] scsi target2:0:0: Domain Validation skipping write tests
[    5.428427] scsi target2:0:0: Ending Domain Validation
[    5.436778] scsi target2:0:0: asynchronous
[    5.446800] scsi 2:0:1:0: Direct-Access     VBOX     HARDDISK         1.0  PQ: 0 ANSI: 5
[    5.963612] scsi target2:0:1: Beginning Domain Validation
[    5.982089] scsi target2:0:1: Domain Validation skipping write tests
[    5.990883] scsi target2:0:1: Ending Domain Validation
[    5.999709] scsi target2:0:1: asynchronous
[    6.025243] sd 2:0:0:0: Attached scsi generic sg0 type 0
[    6.033018] sd 2:0:0:0: [sda] 83886080 512-byte logical blocks: (42.9 GB/40.0 GiB)
[    6.033600] sd 2:0:1:0: Attached scsi generic sg1 type 0
[    6.041349] sd 2:0:0:0: [sda] Write Protect is off
[    6.048447] sd 2:0:1:0: [sdb] 20480 512-byte logical blocks: (10.5 MB/10.0 MiB)
[    6.065250] sd 2:0:1:0: [sdb] Write Protect is off
[    6.066346] sd 2:0:0:0: [sda] Incomplete mode parameter data
[    6.080403] sd 2:0:0:0: [sda] Assuming drive cache: write through
[    6.082008] sd 2:0:1:0: [sdb] Incomplete mode parameter data
[    6.096363] sd 2:0:1:0: [sdb] Assuming drive cache: write through
[    6.113557]  sda: sda1
[    6.121791] sd 2:0:0:0: [sda] Attached SCSI disk
[    6.135204] sd 2:0:1:0: [sdb] Attached SCSI disk
Begin: Loading essential drivers ... [    9.458342] raid6: sse2x1   gen() 240523 MB/s
[   11.459748] raid6: sse2x1   xor() 164018 MB/s
[   13.460150] raid6: sse2x2   gen() 335216 MB/s
[   13.518276] raid6: sse2x2   xor() 11360 MB/s
[   13.570700] raid6: sse2x4   gen() 17288 MB/s
[   13.641209] raid6: sse2x4   xor()  8713 MB/s
[   13.647513] raid6: using algorithm sse2x2 gen() 335216 MB/s
[   13.655867] raid6: .... xor() 11360 MB/s, rmw enabled
[   13.659492] raid6: using ssse3x2 recovery algorithm
[   13.676915] xor: measuring software checksum speed
[   13.724193]    prefetch64-sse: 20607.000 MB/sec
[   13.770153]    generic_sse: 22364.000 MB/sec
[   13.778135] xor: using function: generic_sse (22364.000 MB/sec)
[   13.791752] async_tx: api initialized (async)
done.
Begin: Running /scripts/init-premount ... done.
Begin: Mounting root file system ... Begin: Running /scripts/local-top ... done.
Begin: Running /scripts/local-premount ... [   13.886672] Btrfs loaded, crc32c=crc32c-intel
Scanning for Btrfs filesystems
done.
Warning: fsck not present, so skipping root file system
[   13.985066] EXT4-fs (sda1): mounted filesystem with ordered data mode. Opts: (null)
done.
Begin: Running /scripts/local-bottom ... done.
Begin: Running /scripts/init-bottom ... done.
[   15.154924] ip_tables: (C) 2000-2006 Netfilter Core Team
[   15.189179] systemd[1]: systemd 237 running in system mode. (+PAM +AUDIT +SELINUX +IMA +APPARMOR +SMACK +SYSVINIT +UTMP +LIBCRYPTSETUP +GCRYPT +GNUTLS +ACL +XZ +LZ4 +SECCOMP +BLKID +ELFUTILS +KMOD -IDN2 +IDN -PCRE2 default-hierarchy=hybrid)
[   15.207610] systemd[1]: Detected virtualization oracle.
[   15.214090] systemd[1]: Detected architecture x86-64.

Welcome to [1mUbuntu 18.04.6 LTS[0m!

[   15.326704] systemd[1]: Set hostname to <ubuntu>.
[   15.336297] systemd[1]: Initializing machine ID from random generator.
[   15.340987] systemd[1]: Installed transient /etc/machine-id file.
[   15.755295] systemd[1]: Reached target User and Group Name Lookups.
[[0;32m  OK  [0m] Reached target User and Group Name Lookups.
[   15.804183] systemd[1]: Created slice User and Session Slice.
[[0;32m  OK  [0m] Created slice User and Session Slice.
[   15.810479] systemd[1]: Reached target Mounting snaps.
[[0;32m  OK  [0m] Reached target Mounting snaps.
[   15.816861] systemd[1]: Set up automount Arbitrary Executable File Formats File System Automount Point.
[[0;32m  OK  [0m] Set up automount Arbitrary Executab…rmats File System Automount Point.
[[0;32m  OK  [0m] Reached target Swap.
[[0;32m  OK  [0m] Created slice System Slice.
[[0;32m  OK  [0m] Listening on Journal Socket (/dev/log).
[[0;32m  OK  [0m] Reached target Slices.
[[0;32m  OK  [0m] Listening on Device-mapper event daemon FIFOs.
[[0;32m  OK  [0m] Listening on Journal Audit Socket.
[[0;32m  OK  [0m] Listening on udev Control Socket.
[[0;32m  OK  [0m] Listening on udev Kernel Socket.
[[0;32m  OK  [0m] Listening on Journal Socket.
         Mounting Huge Pages File System...
         Starting Set the console keyboard layout...
         Mounting Kernel Debug File System...
[[0;32m  OK  [0m] Listening on Network Service Netlink Socket.
[[0;32m  OK  [0m] Created slice system-serial\x2dgetty.slice.
[[0;32m  OK  [0m] Listening on Syslog Socket.
         Starting Journal Service...
         Starting Uncomplicated firewall...
[[0;32m  OK  [0m] Listening on /dev/initctl Compatibility Named Pipe.
[[0;32m  OK  [0m] Listening on LVM2 metadata daemon socket.
         Starting Monitoring of LVM2 mirrors…ng dmeventd or progress polling...
[[0;32m  OK  [0m] Listening on LVM2 poll daemon socket.
[[0;32m  OK  [0m] Started Forward Password Requests to Wall Directory Watch.
[[0;32m  OK  [0m] Listening on fsck to fsckd communication Socket.
         Starting Load Kernel Modules...
[[0;32m  OK  [0m] Reached target System Time Synchronized.
         Starting File System Check on Root Device...
         Mounting POSIX Message Queue File System...
         Starting udev Coldplug all Devices...
         Starting Create list of required st…ce nodes for the current kernel...
[[0;32m  OK  [0m] Reached target Mounted snaps.
[[0;32m  OK  [0m] Mounted Huge Pages File System.
[[0;32m  OK  [0m] Mounted Kernel Debug File System.
[[0;32m  OK  [0m] Started Uncomplicated firewall.
[[0;32m  OK  [0m] Mounted POSIX Message Queue File System.
[[0;32m  OK  [0m] Started LVM2 metadata daemon.
[   16.060728] Loading iSCSI transport class v2.0-870.
[[0;32m  OK  [0m] Started Journal Service.
[[0;32m  OK  [0m] Started File System Check Daemon to report status.
[[0;32m  OK  [0m] Started Create list of required sta…vice nodes for the current kernel.
         Starting Create Static Device Nodes in /dev...
[   16.143415] iscsi: registered transport (tcp)
[[0;32m  OK  [0m] Started udev Coldplug all Devices.
[[0;32m  OK  [0m] Started Create Static Device Nodes in /dev.
[[0;32m  OK  [0m] Started Monitoring of LVM2 mirrors,…sing dmeventd or progress polling.
[[0;32m  OK  [0m] Started File System Check on Root Device.
         Starting Remount Root and Kernel File Systems...
[   16.290652] iscsi: registered transport (iser)
[[0;32m  OK  [0m] Started Load Kernel Modules.
         Starting Apply Kernel Variables...
         Mounting Kernel Configuration File System...
         Mounting FUSE Control File System...
[[0;32m  OK  [0m] Mounted FUSE Control File System.
[[0;32m  OK  [0m] Mounted Kernel Configuration File System.
[   16.326757] EXT4-fs (sda1): re-mounted. Opts: (null)
[[0;32m  OK  [0m] Started Remount Root and Kernel File Systems.
         Starting udev Kernel Device Manager...
         Starting Load/Save Random Seed...
         Starting Flush Journal to Persistent Storage...
[[0;32m  OK  [0m] Started Load/Save Random Seed.
[[0;32m  OK  [0m] Started udev Kernel Device Manager.
[[0;32m  OK  [0m] Started Apply Kernel Variables.
[[0;32m  OK  [0m] Started Flush Journal to Persistent Storage.
[[0;32m  OK  [0m] Found device /dev/ttyS0.
[[0;32m  OK  [0m] Listening on Load/Save RF Kill Switch Status /dev/rfkill Watch.
[[0;32m  OK  [0m] Started Set the console keyboard layout.
         Mounting Arbitrary Executable File Formats File System...
[[0;32m  OK  [0m] Reached target Local File Systems (Pre).
[[0;32m  OK  [0m] Reached target Local File Systems.
         Starting Commit a transient machine-id on disk...
         Starting Tell Plymouth To Write Out Runtime Data...
         Starting AppArmor initialization...
         Starting Set console font and keymap...
         Starting ebtables ruleset management...
         Starting Create Volatile Files and Directories...
[[0;32m  OK  [0m] Started Dispatch Password Requests to Console Directory Watch.
[[0;32m  OK  [0m] Reached target Local Encrypted Volumes.
[[0;32m  OK  [0m] Mounted Arbitrary Executable File Formats File System.
[[0;32m  OK  [0m] Started Tell Plymouth To Write Out Runtime Data.
[[0;32m  OK  [0m] Started Create Volatile Files and Directories.
         Starting Update UTMP about System Boot/Shutdown...
[[0;32m  OK  [0m] Started Update UTMP about System Boot/Shutdown.
[[0;32m  OK  [0m] Started Commit a transient machine-id on disk.
[[0;32m  OK  [0m] Started ebtables ruleset management.
[[0;32m  OK  [0m] Started AppArmor initialization.
         Starting Load AppArmor profiles managed internally by snapd...
         Starting Initial cloud-init job (pre-networking)...
[[0;32m  OK  [0m] Started Load AppArmor profiles managed internally by snapd.
[[0;32m  OK  [0m] Started Set console font and keymap.
[   21.265193] cloud-init[776]: Cloud-init v. 23.1.2-0ubuntu0~18.04.1 running 'init-local' at Tue, 13 Jun 2023 19:55:36 +0000. Up 20.82 seconds.
[[0;32m  OK  [0m] Started Initial cloud-init job (pre-networking).
[[0;32m  OK  [0m] Reached target Network (Pre).
         Starting Network Service...
[[0;32m  OK  [0m] Started Network Service.
         Starting Wait for Network to be Configured...
         Starting Network Name Resolution...
[[0;32m  OK  [0m] Started Network Name Resolution.
[[0;32m  OK  [0m] Reached target Host and Network Name Lookups.
[[0;32m  OK  [0m] Reached target Network.
[[0;32m  OK  [0m] Started Wait for Network to be Configured.
         Starting Initial cloud-init job (metadata service crawler)...
[   23.219821] cloud-init[944]: Cloud-init v. 23.1.2-0ubuntu0~18.04.1 running 'init' at Tue, 13 Jun 2023 19:55:39 +0000. Up 23.06 seconds.
[   23.225143] cloud-init[944]: ci-info: ++++++++++++++++++++++++++++++++++++++Net device info+++++++++++++++++++++++++++++++++++++++
[   23.229975] cloud-init[944]: ci-info: +--------+-------+----------------------------+---------------+--------+-------------------+
[   23.234647] cloud-init[944]: ci-info: | Device |   Up  |          Address           |      Mask     | Scope  |     Hw-Address    |
[   23.241966] cloud-init[944]: ci-info: +--------+-------+----------------------------+---------------+--------+-------------------+
[   23.246399] cloud-init[944]: ci-info: | enp0s3 |  True |         10.0.2.15          | 255.255.255.0 | global | 02:3b:7b:b7:3b:2d |
[   23.250293] cloud-init[944]: ci-info: | enp0s3 |  True | fe80::3b:7bff:feb7:3b2d/64 |       .       |  link  | 02:3b:7b:b7:3b:2d |
[   23.255133] cloud-init[944]: ci-info: | enp0s8 | False |             .              |       .       |   .    | 08:00:27:fc:a6:ac |
[   23.259999] cloud-init[944]: ci-info: |   lo   |  True |         127.0.0.1          |   255.0.0.0   |  host  |         .         |
[   23.264392] cloud-init[944]: ci-info: |   lo   |  True |          ::1/128           |       .       |  host  |         .         |
[   23.268580] cloud-init[944]: ci-info: +--------+-------+----------------------------+---------------+--------+-------------------+
[   23.274145] cloud-init[944]: ci-info: ++++++++++++++++++++++++++++Route IPv4 info+++++++++++++++++++++++++++++
[   23.278842] cloud-init[944]: ci-info: +-------+-------------+----------+-----------------+-----------+-------+
[   23.283403] cloud-init[944]: ci-info: | Route | Destination | Gateway  |     Genmask     | Interface | Flags |
[   23.287449] cloud-init[944]: ci-info: +-------+-------------+----------+-----------------+-----------+-------+
[   23.291526] cloud-init[944]: ci-info: |   0   |   0.0.0.0   | 10.0.2.2 |     0.0.0.0     |   enp0s3  |   UG  |
[   23.296019] cloud-init[944]: ci-info: |   1   |   10.0.2.0  | 0.0.0.0  |  255.255.255.0  |   enp0s3  |   U   |
[   23.299937] cloud-init[944]: ci-info: |   2   |   10.0.2.2  | 0.0.0.0  | 255.255.255.255 |   enp0s3  |   UH  |
[   23.303273] cloud-init[944]: ci-info: +-------+-------------+----------+-----------------+-----------+-------+
[   23.306615] cloud-init[944]: ci-info: +++++++++++++++++++Route IPv6 info+++++++++++++++++++
[   23.310048] cloud-init[944]: ci-info: +-------+-------------+---------+-----------+-------+
[   23.313409] cloud-init[944]: ci-info: | Route | Destination | Gateway | Interface | Flags |
[   23.316846] cloud-init[944]: ci-info: +-------+-------------+---------+-----------+-------+
[   23.320696] cloud-init[944]: ci-info: |   1   |  fe80::/64  |    ::   |   enp0s3  |   U   |
[   23.324006] cloud-init[944]: ci-info: |   3   |    local    |    ::   |   enp0s3  |   U   |
[   23.327628] cloud-init[944]: ci-info: |   4   |   ff00::/8  |    ::   |   enp0s3  |   U   |
[   23.331337] cloud-init[944]: ci-info: +-------+-------------+---------+-----------+-------+
[   24.471304] cloud-init[944]: Generating public/private rsa key pair.
[   24.474139] cloud-init[944]: Your identification has been saved in /etc/ssh/ssh_host_rsa_key.
[   24.477319] cloud-init[944]: Your public key has been saved in /etc/ssh/ssh_host_rsa_key.pub.
[   24.480622] cloud-init[944]: The key fingerprint is:
[   24.493041] cloud-init[944]: SHA256:VhcZhsjayAbp4TQuVvgK1/nPKiAdDKtocuQ2vEZLKOU root@ubuntu-bionic
[   24.496622] cloud-init[944]: The key's randomart image is:
[   24.498845] cloud-init[944]: +---[RSA 2048]----+
[   24.517106] cloud-init[944]: |   . . . . .+o   |
[   24.519216] cloud-init[944]: |. . B   o ....   |
[   24.521465] cloud-init[944]: | + O * +  . .    |
[   24.523564] cloud-init[944]: |o O B = .. .     |
[   24.525780] cloud-init[944]: |o% + o  S        |
[   24.527757] cloud-init[944]: |B.E   ..         |
[   24.530293] cloud-init[944]: |+* =   o         |
[   24.532821] cloud-init[944]: |  + .   o        |
[   24.534816] cloud-init[944]: | .   ...         |
[   24.536986] cloud-init[944]: +----[SHA256]-----+
[   24.539057] cloud-init[944]: Generating public/private dsa key pair.
[   24.541466] cloud-init[944]: Your identification has been saved in /etc/ssh/ssh_host_dsa_key.
[   24.545907] cloud-init[944]: Your public key has been saved in /etc/ssh/ssh_host_dsa_key.pub.
[   24.561139] [cloud-init[0;32m  OK  [0m[944]: ] The key fingerprint is:Started Initial cloud-init job (metadata service crawler).

[   24.561250] cloud-init[944]: SHA256:wXZ2rfZ4k7TuZgG1vS7IcnMLvR+V5+3bwKJnGab30PQ root@ubuntu-bionic
[[0;32m  OK  [0m] [   24.575494] Reached target System Initialization.cloud-init
[944]: The key's randomart image is:
[   24.580461] [cloud-init[0;32m  OK  [0m[944]: ] +---[DSA 1024]----+Listening on UUID daemon activation socket.

[[0;32m  OK  [0m] Listening on Open-iSCSI iscsid Socket.
[   24.585240] cloud-init[944]: |                 |
[[0;32m  OK  [0m] Started Daily apt download activities.
[   24.590743] cloud-init[944]: |       .     ..  |
[[0;32m  OK  [0m] [   24.596814] Started Discard unused blocks once a week.cloud-init
[944]: |        + o ...o |
[   24.600962] [cloud-init[0;32m  OK  [0m[944]: ] |       . + .... o|Started Message of the Day.

[   24.605360] cloud-init[944]: |        S   o.o.+|
         Starting LXD - unix socket.
[[0;32m  OK  [0m] Started Daily Cleanup of Temporary Directories.
[[0;32m  OK  [0m] Listening on D-Bus System Message Bus Socket.
[   24.605440] [[0;32m  OK  [0m] Started Daily apt upgrade and clean activities.
[[0;32m  OK  [0m] Started ACPI Events Check.
[[0;32m  OK  [0m] Reached target Paths.
         Starting Socket activation for snappy daemon.
[[0;32m  OK  [0m] Started Ubuntu Advantage Timer for running repeated jobs.
[[0;32m  OK  [0m] Reached target Timers.
[[0;32m  OK  [0m] Listening on ACPID Listen Socket.
[[0;32m  OK  [0m] Listening on cloud-init hotplug hook socket.
[[0;32m  OK  [0m] Reached target Cloud-config availability.
[[0;32m  OK  [0m] Reached target Network is Online.
         Starting Availability of block devices...
[[0;32m  OK  [0m] Reached target Remote File Systems (Pre).
[[0;32m  OK  [0m] Reached target Remote File Systems.
[[0;32m  OK  [0m] Listening on LXD - unix socket.
[[0;32m  OK  [0m] Listening on Socket activation for snappy daemon.
[[0;32m  OK  [0m] Reached target Sockets.
[[0;32m  OK  [0m] Reached target Basic System.
         Starting LXD - container startup/shutdown...
[[0;32m  OK  [0m] Started irqbalance daemon.
         Starting System Logging Service...
         Starting Permit User Sessions...
[[0;32m  OK  [0m] Started FUSE filesystem for LXC.
         Starting LSB: automatic crash report generation...
cloud-init[944]: |           .+B.*+|
[   24.667451] cloud-init[944]: |          .+=+@oE|
[   24.674748] cloud-init[944]: |         ..**B+=o|
[   24.681780] cloud-init[944]: |          ++oBBo+|
[   24.693126] cloud-init[944]: +----[SHA256]-----+
[   24.694908] cloud-init[944]: Generating public/private ecdsa key pair.
[   24.697270] cloud-init[944]: Your identification has been saved in /etc/ssh/ssh_host_ecdsa_key.
[   24.700513] cloud-init[944]: Your public key has been saved in /etc/ssh/ssh_host_ecdsa_key.pub.
[   24.704216] cloud-init[944]: The key fingerprint is:
[   24.707492] cloud-init[944]: SHA256:WZpqLReIxoNDsujtuVOA8kA1sPXTOuuzKnRXGJKqbrg root@ubuntu-bionic
[   24.714309] cloud-init[944]: The key's randomart image is:
[   24.720688] cloud-init[944]: +---[ECDSA 256]---+
[   24.726337] cloud-init[944]: | .o+.            |
[   24.732372] cloud-init[944]: | .ooo..          |
[   24.734312] cloud-init[944]: |o.+ .oo.  .      |
[   24.736071] cloud-init[944]: |+* + ooo =       |
[   24.738075] cloud-init[944]: |=oo *oo S        |
[   24.740510] cloud-init[944]: |o.o+ +oo .       |
[   24.742863] cloud-init[944]: |+...o.+ o        |
[   24.746423] cloud-init[944]: |.+..oo o         |
[   24.748837] cloud-init[944]: |E..=+oo          |
[   24.750823] cloud-init[944]: +----[SHA256]-----+
[   24.753272] cloud-init[944]: Generating public/private ed25519 key pair.
[   24.756645] cloud-init[944]: Your identification has been saved in /etc/ssh/ssh_host_ed25519_key.
[   24.760582] cloud-init[944]: Your public key has been saved in /etc/ssh/ssh_host_ed25519_key.pub.
[   24.765069] cloud-init[944]: The key fingerprint is:
[   24.766985] cloud-init[944]: SHA256:lPv3jc4UNyjbx98pBrcC2yFkRhQJtN5UXf9nzgMw9E0 root@ubuntu-bionic
[   24.770435] cloud-init[944]: The key's randomart image is:
[   24.774128] cloud-init[944]: +--[ED25519 256]--+
[   24.777752] cloud-init[944]: |      .ooooo. .E |
[   24.780078] cloud-init[944]: |        .+o ..o .|
[   24.785911] cloud-init[944]: |       .+. o . ..|
[   24.788656]          cloud-initStarting Dispatcher daemon for systemd-networkd...[944]: 
|      ..o=  o . .|
[   24.794832] cloud-init[944]: |       .S. . o..=|
[   24.796904] cloud-init[944]: |         + o+.o*o|
[   24.798821] cloud-init[944]: |          *.=.o+o|
[   24.800941] cloud-init[944]: |         . + B.o=|
[   24.803122] cloud-init[944]: |            o.*.+|
[   24.805727] cloud-init[944]: +----[SHA256]-----+
         Starting Snap Daemon...
         Starting Login Service...
         Starting Pollinate to seed the pseudo random number generator...
[[0;32m  OK  [0m] Started D-Bus System Message Bus.
         Starting Virtualbox guest utils...
[[0;32m  OK  [0m] Reached target Login Prompts (Pre).
[[0;32m  OK  [0m] Started Deferred execution scheduler.
         Starting Accounts Service...
         Starting LSB: Record successful boot for GRUB...
[[0;32m  OK  [0m] Started Regular background program processing daemon.
[[0;32m  OK  [0m] Started System Logging Service.
[[0;32m  OK  [0m] Started Availability of block devices.
[[0;32m  OK  [0m] Started LXD - container startup/shutdown.
[[0;32m  OK  [0m] Started Permit User Sessions.
[[0;32m  OK  [0m] Started Login Service.
[[0;32m  OK  [0m] Started Unattended Upgrades Shutdown.
         Starting Terminate Plymouth Boot Screen...
         Starting Hold until boot process finishes up...
[[0;32m  OK  [0m] Started Hold until boot process finishes up.
[[0;32m  OK  [0m] Started Terminate Plymouth Boot Screen.
         Starting Set console scheme...
[[0;32m  OK  [0m] Started Serial Getty on ttyS0.
[[0;32m  OK  [0m] Started Dispatcher daemon for systemd-networkd.
[[0;32m  OK  [0m] Started LSB: automatic crash report generation.
[[0;32m  OK  [0m] Started Set console scheme.
[[0;32m  OK  [0m] Created slice system-getty.slice.
[[0;32m  OK  [0m] Started Getty on tty1.
[[0;32m  OK  [0m] Reached target Login Prompts.
         Starting Authorization Manager...
[[0;32m  OK  [0m] Started LSB: Record successful boot for GRUB.
[[0;32m  OK  [0m] Started Authorization Manager.
[[0;32m  OK  [0m] Started Accounts Service.
[[0;32m  OK  [0m] Started Virtualbox guest utils.
[[0;32m  OK  [0m] Started Snap Daemon.
         Starting Wait until snapd is fully seeded...
         Starting Time & Date Service...
[[0;32m  OK  [0m] Started Time & Date Service.
[[0;32m  OK  [0m] Started Pollinate to seed the pseudo random number generator.
         Starting OpenBSD Secure Shell server...
[[0;32m  OK  [0m] Started OpenBSD Secure Shell server.
[[0;32m  OK  [0m] Created slice User Slice of vagrant.
         Starting User Manager for UID 1000...
[[0;32m  OK  [0m] Started Session 1 of user vagrant.
[[0;32m  OK  [0m] Started User Manager for UID 1000.
[[0;32m  OK  [0m] Started Wait until snapd is fully seeded.
         Starting Apply the settings specified in cloud-config...

Ubuntu 18.04.6 LTS ubuntu-bionic ttyS0

ubuntu-bionic login: [   32.598269] cloud-init[1617]: Cloud-init v. 23.1.2-0ubuntu0~18.04.1 running 'modules:config' at Tue, 13 Jun 2023 19:55:47 +0000. Up 31.28 seconds.
ci-info: no authorized SSH keys fingerprints found for user ubuntu.
<14>Jun 13 19:55:49 cloud-init: #############################################################
<14>Jun 13 19:55:49 cloud-init: -----BEGIN SSH HOST KEY FINGERPRINTS-----
<14>Jun 13 19:55:49 cloud-init: 1024 SHA256:wXZ2rfZ4k7TuZgG1vS7IcnMLvR+V5+3bwKJnGab30PQ root@ubuntu-bionic (DSA)
<14>Jun 13 19:55:49 cloud-init: 256 SHA256:WZpqLReIxoNDsujtuVOA8kA1sPXTOuuzKnRXGJKqbrg root@ubuntu-bionic (ECDSA)
<14>Jun 13 19:55:49 cloud-init: 256 SHA256:lPv3jc4UNyjbx98pBrcC2yFkRhQJtN5UXf9nzgMw9E0 root@ubuntu-bionic (ED25519)
<14>Jun 13 19:55:49 cloud-init: 2048 SHA256:VhcZhsjayAbp4TQuVvgK1/nPKiAdDKtocuQ2vEZLKOU root@ubuntu-bionic (RSA)
<14>Jun 13 19:55:49 cloud-init: -----END SSH HOST KEY FINGERPRINTS-----
<14>Jun 13 19:55:49 cloud-init: #############################################################
-----BEGIN SSH HOST KEY KEYS-----
ecdsa-sha2-nistp256 AAAAE2VjZHNhLXNoYTItbmlzdHAyNTYAAAAIbmlzdHAyNTYAAABBBFp5CefskFXt4t2s17wo/HHKwtiGvt9tEEcuQBqWj6XFkqdKgv/b++kyyMA0vkZrIKIDquCRB61DFN/6Mukpxdc= root@ubuntu-bionic
ssh-ed25519 AAAAC3NzaC1lZDI1NTE5AAAAIOMLFcCKRgaJbSgfSDNmZuS0NBy6ldVuNtbYiPPInWZm root@ubuntu-bionic
ssh-rsa AAAAB3NzaC1yc2EAAAADAQABAAABAQDcmEIIi/taMMZ2v+fBHx0Yv9YQEwnCkM/ggcf569Vc+ooCieAqwJJXcbLR/AQqmH0L1JtfsoDjJlZcGuQgN7Jgks5RGi6o5rcEecLrrIIwwI07Yb3ZUKvuY/MBmO5ZeP4de1OyvdH6Njx60SHVdakuNPjeVGYtN1cI0bkpD5zaD/SofXxdJ+UwIn1d340KKxa25KolVfuwzvZf/GYdEB07XTRJc3+zFgTitpuJ/ViyOH2cO8Wg7YdTHitTVjCkYJrCJcViJ771G8ieN7WB3ueD+nAqw0OVGxTPjhMpWSUEIbwGZ9Ho1FqdTHKxjxfO1LUVYopsePVIC31nPQjNmFN5 root@ubuntu-bionic
-----END SSH HOST KEY KEYS-----
[   33.560584] cloud-init[1741]: Cloud-init v. 23.1.2-0ubuntu0~18.04.1 running 'modules:final' at Tue, 13 Jun 2023 19:55:49 +0000. Up 33.29 seconds.
[   33.560735] cloud-init[1741]: Cloud-init v. 23.1.2-0ubuntu0~18.04.1 finished at Tue, 13 Jun 2023 19:55:49 +0000. Datasource DataSourceNoCloud [seed=/dev/sdb][dsmode=net].  Up 33.54 seconds
